<?xml version="1.0" encoding="UTF-8" ?>
<testsuite errors="0" skipped="0" tests="5" time="0.01" failures="0" name="org.vraptor.http.RequestParametersTest">
  <properties>
[...]
</properties>
  <testcase classname="org.vraptor.http.RequestParametersTest" time="0.001" name="testReadsAllParametersFromTheRequest"/>
  <testcase classname="org.vraptor.http.RequestParametersTest" time="0" name="testOverwritesAParameter"/>
  <testcase classname="org.vraptor.http.RequestParametersTest" time="0" name="testRegistersANewParameter"/>
  <testcase classname="org.vraptor.http.RequestParametersTest" time="0" name="testGetParameterReturnsTheFirstParameter"/>
  <testcase classname="org.vraptor.http.RequestParametersTest" time="0.001" name="testGetNullParameterReturnsNull"/>
</testsuite>